<?xml version="1.0" encoding="UTF-8"?>
<!-- Generated by org.testng.reporters.JUnitXMLReporter -->
<testsuite ignored="0" hostname="Himanshus-MacBook-Air.local" failures="2" tests="9" name="Test1" time="106.78" errors="0" timestamp="2022-11-13T10:22:39 IST">
  <testcase classname="XMLtest.Drag_n_Drop" name="DragDrop" time="33.061"/>
  <testcase classname="XMLtest.iFrame" name="iFram" time="38.237"/>
  <testcase classname="XMLtest.OrangeHRM" name="HRM" time="48.14"/>
  <testcase classname="XMLtest.Radiobutton_Checkbox" name="Button" time="49.063"/>
  <testcase classname="XMLtest.DropDown" name="DD" time="77.726">
    <failure type="org.openqa.selenium.ElementNotInteractableException" message="element not interactable
  (Session info: chrome=107.0.5304.110)
Build info: version: &amp;apos;4.5.0&amp;apos;, revision: &amp;apos;fe167b119a&amp;apos;
System info: os.name: &amp;apos;Mac OS X&amp;apos;, os.arch: &amp;apos;x86_64&amp;apos;, os.version: &amp;apos;12.6.1&amp;apos;, java.version: &amp;apos;17.0.4.1&amp;apos;
Driver info: org.openqa.selenium.chrome.ChromeDriver
Command: [6bbb63c9351ae490875267cd021c89d4, clickElement {id=6788e0f9-8814-4a36-9af4-c6611964332e}]
Capabilities {acceptInsecureCerts: false, browserName: chrome, browserVersion: 107.0.5304.110, chrome: {chromedriverVersion: 107.0.5304.62 (1eec40d3a576..., userDataDir: /var/folders/9w/zbsff6bd2tg...}, goog:chromeOptions: {debuggerAddress: localhost:49605}, networkConnectionEnabled: false, pageLoadStrategy: normal, platformName: MAC, proxy: Proxy(), se:cdp: ws://localhost:49605/devtoo..., se:cdpVersion: 107.0.5304.110, setWindowRect: true, strictFileInteractability: false, timeouts: {implicit: 0, pageLoad: 300000, script: 30000}, unhandledPromptBehavior: dismiss and notify, webauthn:extension:credBlob: true, webauthn:extension:largeBlob: true, webauthn:virtualAuthenticators: true}
Element: [[ChromeDriver: chrome on MAC (6bbb63c9351ae490875267cd021c89d4)] -&amp;gt; id: field1]
Session ID: 6bbb63c9351ae490875267cd021c89d4">
      <![CDATA[org.openqa.selenium.ElementNotInteractableException: element not interactable
  (Session info: chrome=107.0.5304.110)
Build info: version: '4.5.0', revision: 'fe167b119a'
System info: os.name: 'Mac OS X', os.arch: 'x86_64', os.version: '12.6.1', java.version: '17.0.4.1'
Driver info: org.openqa.selenium.chrome.ChromeDriver
Command: [6bbb63c9351ae490875267cd021c89d4, clickElement {id=6788e0f9-8814-4a36-9af4-c6611964332e}]
Capabilities {acceptInsecureCerts: false, browserName: chrome, browserVersion: 107.0.5304.110, chrome: {chromedriverVersion: 107.0.5304.62 (1eec40d3a576..., userDataDir: /var/folders/9w/zbsff6bd2tg...}, goog:chromeOptions: {debuggerAddress: localhost:49605}, networkConnectionEnabled: false, pageLoadStrategy: normal, platformName: MAC, proxy: Proxy(), se:cdp: ws://localhost:49605/devtoo..., se:cdpVersion: 107.0.5304.110, setWindowRect: true, strictFileInteractability: false, timeouts: {implicit: 0, pageLoad: 300000, script: 30000}, unhandledPromptBehavior: dismiss and notify, webauthn:extension:credBlob: true, webauthn:extension:largeBlob: true, webauthn:virtualAuthenticators: true}
Element: [[ChromeDriver: chrome on MAC (6bbb63c9351ae490875267cd021c89d4)] -> id: field1]
Session ID: 6bbb63c9351ae490875267cd021c89d4
at org.openqa.selenium.remote.codec.w3c.W3CHttpResponseCodec.createException(W3CHttpResponseCodec.java:200)
at org.openqa.selenium.remote.codec.w3c.W3CHttpResponseCodec.decode(W3CHttpResponseCodec.java:133)
at org.openqa.selenium.remote.codec.w3c.W3CHttpResponseCodec.decode(W3CHttpResponseCodec.java:53)
at org.openqa.selenium.remote.HttpCommandExecutor.execute(HttpCommandExecutor.java:184)
at org.openqa.selenium.remote.service.DriverCommandExecutor.invokeExecute(DriverCommandExecutor.java:167)
at org.openqa.selenium.remote.service.DriverCommandExecutor.execute(DriverCommandExecutor.java:142)
at org.openqa.selenium.remote.RemoteWebDriver.execute(RemoteWebDriver.java:547)
at org.openqa.selenium.remote.RemoteWebElement.execute(RemoteWebElement.java:257)
at org.openqa.selenium.remote.RemoteWebElement.click(RemoteWebElement.java:78)
at XMLtest.DropDown.DD(DropDown.java:61)
at java.base/java.util.concurrent.ThreadPoolExecutor.runWorker(ThreadPoolExecutor.java:1136)
at java.base/java.util.concurrent.ThreadPoolExecutor$Worker.run(ThreadPoolExecutor.java:635)
at java.base/java.lang.Thread.run(Thread.java:833)
... Removed 17 stack frames]]>
    </failure>
  </testcase> <!-- DD -->
  <testcase classname="XMLtest.NewWindow" name="Window" time="80.969"/>
  <testcase classname="XMLtest.AmazonCart" name="AmazonaddtoCart" time="93.37">
    <failure type="org.openqa.selenium.ElementClickInterceptedException" message="element click intercepted: Element &amp;lt;p class=&amp;quot;a-text-left a-size-base&amp;quot;&amp;gt;...&amp;lt;/p&amp;gt; is not clickable at point (692, 689). Other element would receive the click: &amp;lt;a href=&amp;quot;/dp/B09G9FVVQY/ref=twister_B09GFZ4DJ8?_encoding=UTF8&amp;amp;amp;psc=1&amp;quot; style=&amp;quot;height:100%; width:100%&amp;quot;&amp;gt;&amp;lt;/a&amp;gt;
  (Session info: chrome=107.0.5304.110)
Build info: version: &amp;apos;4.5.0&amp;apos;, revision: &amp;apos;fe167b119a&amp;apos;
System info: os.name: &amp;apos;Mac OS X&amp;apos;, os.arch: &amp;apos;x86_64&amp;apos;, os.version: &amp;apos;12.6.1&amp;apos;, java.version: &amp;apos;17.0.4.1&amp;apos;
Driver info: org.openqa.selenium.chrome.ChromeDriver
Command: [5f3e3e2bab4b4ffd5127dfa0ccae37fd, clickElement {id=b904e094-399d-49ed-964f-dfb1a0937eee}]
Capabilities {acceptInsecureCerts: false, browserName: chrome, browserVersion: 107.0.5304.110, chrome: {chromedriverVersion: 107.0.5304.62 (1eec40d3a576..., userDataDir: /var/folders/9w/zbsff6bd2tg...}, goog:chromeOptions: {debuggerAddress: localhost:49623}, networkConnectionEnabled: false, pageLoadStrategy: normal, platformName: MAC, proxy: Proxy(), se:cdp: ws://localhost:49623/devtoo..., se:cdpVersion: 107.0.5304.110, setWindowRect: true, strictFileInteractability: false, timeouts: {implicit: 0, pageLoad: 300000, script: 30000}, unhandledPromptBehavior: dismiss and notify, webauthn:extension:credBlob: true, webauthn:extension:largeBlob: true, webauthn:virtualAuthenticators: true}
Element: [[ChromeDriver: chrome on MAC (5f3e3e2bab4b4ffd5127dfa0ccae37fd)] -&amp;gt; xpath: //p[normalize-space()=&amp;apos;1TB&amp;apos;]]
Session ID: 5f3e3e2bab4b4ffd5127dfa0ccae37fd">
      <![CDATA[org.openqa.selenium.ElementClickInterceptedException: element click intercepted: Element <p class="a-text-left a-size-base">...</p> is not clickable at point (692, 689). Other element would receive the click: <a href="/dp/B09G9FVVQY/ref=twister_B09GFZ4DJ8?_encoding=UTF8&amp;psc=1" style="height:100%; width:100%"></a>
  (Session info: chrome=107.0.5304.110)
Build info: version: '4.5.0', revision: 'fe167b119a'
System info: os.name: 'Mac OS X', os.arch: 'x86_64', os.version: '12.6.1', java.version: '17.0.4.1'
Driver info: org.openqa.selenium.chrome.ChromeDriver
Command: [5f3e3e2bab4b4ffd5127dfa0ccae37fd, clickElement {id=b904e094-399d-49ed-964f-dfb1a0937eee}]
Capabilities {acceptInsecureCerts: false, browserName: chrome, browserVersion: 107.0.5304.110, chrome: {chromedriverVersion: 107.0.5304.62 (1eec40d3a576..., userDataDir: /var/folders/9w/zbsff6bd2tg...}, goog:chromeOptions: {debuggerAddress: localhost:49623}, networkConnectionEnabled: false, pageLoadStrategy: normal, platformName: MAC, proxy: Proxy(), se:cdp: ws://localhost:49623/devtoo..., se:cdpVersion: 107.0.5304.110, setWindowRect: true, strictFileInteractability: false, timeouts: {implicit: 0, pageLoad: 300000, script: 30000}, unhandledPromptBehavior: dismiss and notify, webauthn:extension:credBlob: true, webauthn:extension:largeBlob: true, webauthn:virtualAuthenticators: true}
Element: [[ChromeDriver: chrome on MAC (5f3e3e2bab4b4ffd5127dfa0ccae37fd)] -> xpath: //p[normalize-space()='1TB']]
Session ID: 5f3e3e2bab4b4ffd5127dfa0ccae37fd
at org.openqa.selenium.remote.codec.w3c.W3CHttpResponseCodec.createException(W3CHttpResponseCodec.java:200)
at org.openqa.selenium.remote.codec.w3c.W3CHttpResponseCodec.decode(W3CHttpResponseCodec.java:133)
at org.openqa.selenium.remote.codec.w3c.W3CHttpResponseCodec.decode(W3CHttpResponseCodec.java:53)
at org.openqa.selenium.remote.HttpCommandExecutor.execute(HttpCommandExecutor.java:184)
at org.openqa.selenium.remote.service.DriverCommandExecutor.invokeExecute(DriverCommandExecutor.java:167)
at org.openqa.selenium.remote.service.DriverCommandExecutor.execute(DriverCommandExecutor.java:142)
at org.openqa.selenium.remote.RemoteWebDriver.execute(RemoteWebDriver.java:547)
at org.openqa.selenium.remote.RemoteWebElement.execute(RemoteWebElement.java:257)
at org.openqa.selenium.remote.RemoteWebElement.click(RemoteWebElement.java:78)
at XMLtest.AmazonCart.AmazonaddtoCart(AmazonCart.java:24)
at java.base/java.util.concurrent.ThreadPoolExecutor.runWorker(ThreadPoolExecutor.java:1136)
at java.base/java.util.concurrent.ThreadPoolExecutor$Worker.run(ThreadPoolExecutor.java:635)
at java.base/java.lang.Thread.run(Thread.java:833)
... Removed 17 stack frames]]>
    </failure>
  </testcase> <!-- AmazonaddtoCart -->
  <testcase classname="XMLtest.MouseHover" name="Hover" time="102.334"/>
  <testcase classname="XMLtest.Navigation" name="Nav" time="106.721"/>
</testsuite> <!-- Test1 -->
